Started GET "/" for ::1 at 2022-12-05 09:48:04 +0200
Processing by Rails::WelcomeController#index as HTML
  Rendering /Users/macbook/.rvm/gems/ruby-3.0.0/gems/railties-7.0.4/lib/rails/templates/rails/welcome/index.html.erb
  Rendered /Users/macbook/.rvm/gems/ruby-3.0.0/gems/railties-7.0.4/lib/rails/templates/rails/welcome/index.html.erb (Duration: 54.7ms | Allocations: 839)
Completed 200 OK in 141ms (Views: 69.7ms | ActiveRecord: 0.0ms | Allocations: 7307)


Started GET "/" for ::1 at 2022-12-05 10:00:48 +0200
Started GET "/home/about" for ::1 at 2022-12-05 10:00:48 +0200
  
ActionController::RoutingError (No route matches [GET] "/home/about"):
  
  
NoMethodError (undefined method `default_formats' for ActionView::Base:Class):
  
actionview (7.0.4) lib/action_view/lookup_context.rb:50:in `block in <class:LookupContext>'
actionview (7.0.4) lib/action_view/lookup_context.rb:239:in `block in initialize_details'
actionview (7.0.4) lib/action_view/lookup_context.rb:238:in `each'
actionview (7.0.4) lib/action_view/lookup_context.rb:238:in `initialize_details'
actionview (7.0.4) lib/action_view/lookup_context.rb:222:in `initialize'
actionview (7.0.4) lib/action_view/view_paths.rb:99:in `new'
actionview (7.0.4) lib/action_view/view_paths.rb:99:in `lookup_context'
actionview (7.0.4) lib/action_view/rendering.rb:38:in `process'
actionpack (7.0.4) lib/action_controller/metal.rb:188:in `dispatch'
actionpack (7.0.4) lib/action_controller/metal.rb:251:in `dispatch'
actionpack (7.0.4) lib/action_dispatch/routing/route_set.rb:49:in `dispatch'
actionpack (7.0.4) lib/action_dispatch/routing/route_set.rb:32:in `serve'
actionpack (7.0.4) lib/action_dispatch/journey/router.rb:50:in `block in serve'
actionpack (7.0.4) lib/action_dispatch/journey/router.rb:32:in `each'
actionpack (7.0.4) lib/action_dispatch/journey/router.rb:32:in `serve'
actionpack (7.0.4) lib/action_dispatch/routing/route_set.rb:852:in `call'
rack (2.2.4) lib/rack/tempfile_reaper.rb:15:in `call'
rack (2.2.4) lib/rack/etag.rb:27:in `call'
rack (2.2.4) lib/rack/conditional_get.rb:27:in `call'
rack (2.2.4) lib/rack/head.rb:12:in `call'
actionpack (7.0.4) lib/action_dispatch/http/permissions_policy.rb:38:in `call'
actionpack (7.0.4) lib/action_dispatch/http/content_security_policy.rb:36:in `call'
rack (2.2.4) lib/rack/session/abstract/id.rb:266:in `context'
rack (2.2.4) lib/rack/session/abstract/id.rb:260:in `call'
actionpack (7.0.4) lib/action_dispatch/middleware/cookies.rb:696:in `call'
activerecord (7.0.4) lib/active_record/migration.rb:603:in `call'
actionpack (7.0.4) lib/action_dispatch/middleware/callbacks.rb:27:in `block in call'
activesupport (7.0.4) lib/active_support/callbacks.rb:99:in `run_callbacks'
actionpack (7.0.4) lib/action_dispatch/middleware/callbacks.rb:26:in `call'
actionpack (7.0.4) lib/action_dispatch/middleware/executor.rb:14:in `call'
actionpack (7.0.4) lib/action_dispatch/middleware/actionable_exceptions.rb:17:in `call'
actionpack (7.0.4) lib/action_dispatch/middleware/debug_exceptions.rb:28:in `call'
web-console (4.2.0) lib/web_console/middleware.rb:132:in `call_app'
web-console (4.2.0) lib/web_console/middleware.rb:28:in `block in call'
web-console (4.2.0) lib/web_console/middleware.rb:17:in `catch'
web-console (4.2.0) lib/web_console/middleware.rb:17:in `call'
actionpack (7.0.4) lib/action_dispatch/middleware/show_exceptions.rb:26:in `call'
railties (7.0.4) lib/rails/rack/logger.rb:40:in `call_app'
railties (7.0.4) lib/rails/rack/logger.rb:25:in `block in call'
activesupport (7.0.4) lib/active_support/tagged_logging.rb:99:in `block in tagged'
activesupport (7.0.4) lib/active_support/tagged_logging.rb:37:in `tagged'
activesupport (7.0.4) lib/active_support/tagged_logging.rb:99:in `tagged'
railties (7.0.4) lib/rails/rack/logger.rb:25:in `call'
sprockets-rails (3.4.2) lib/sprockets/rails/quiet_assets.rb:13:in `call'
actionpack (7.0.4) lib/action_dispatch/middleware/remote_ip.rb:93:in `call'
actionpack (7.0.4) lib/action_dispatch/middleware/request_id.rb:26:in `call'
rack (2.2.4) lib/rack/method_override.rb:24:in `call'
rack (2.2.4) lib/rack/runtime.rb:22:in `call'
activesupport (7.0.4) lib/active_support/cache/strategy/local_cache_middleware.rb:29:in `call'
actionpack (7.0.4) lib/action_dispatch/middleware/server_timing.rb:61:in `block in call'
actionpack (7.0.4) lib/action_dispatch/middleware/server_timing.rb:26:in `collect_events'
actionpack (7.0.4) lib/action_dispatch/middleware/server_timing.rb:60:in `call'
actionpack (7.0.4) lib/action_dispatch/middleware/executor.rb:14:in `call'
actionpack (7.0.4) lib/action_dispatch/middleware/static.rb:23:in `call'
rack (2.2.4) lib/rack/sendfile.rb:110:in `call'
actionpack (7.0.4) lib/action_dispatch/middleware/host_authorization.rb:137:in `call'
railties (7.0.4) lib/rails/engine.rb:530:in `call'
puma (5.6.5) lib/puma/configuration.rb:252:in `call'
puma (5.6.5) lib/puma/request.rb:77:in `block in handle_request'
puma (5.6.5) lib/puma/thread_pool.rb:340:in `with_force_shutdown'
puma (5.6.5) lib/puma/request.rb:76:in `handle_request'
puma (5.6.5) lib/puma/server.rb:443:in `process_client'
puma (5.6.5) lib/puma/thread_pool.rb:147:in `block in spawn_thread'
Started GET "/home" for ::1 at 2022-12-05 10:00:49 +0200
  
ActionController::RoutingError (No route matches [GET] "/home"):
  
Started GET "/home/about" for ::1 at 2022-12-05 10:00:58 +0200
  
ActionController::RoutingError (No route matches [GET] "/home/about"):
  
Started GET "/home/index" for ::1 at 2022-12-05 10:01:00 +0200
Processing by HomeController#index as HTML
  Rendering layout layouts/application.html.erb
  Rendering home/index.html.erb within layouts/application
  Rendered home/index.html.erb within layouts/application (Duration: 0.4ms | Allocations: 118)
  Rendered layout layouts/application.html.erb (Duration: 3560.6ms | Allocations: 95061)
Completed 200 OK in 3574ms (Views: 3564.1ms | ActiveRecord: 0.0ms | Allocations: 98720)


Started GET "/home/index" for ::1 at 2022-12-05 10:02:23 +0200
Processing by HomeController#index as HTML
  Rendering layout layouts/application.html.erb
  Rendering home/index.html.erb within layouts/application
  Rendered home/index.html.erb within layouts/application (Duration: 0.4ms | Allocations: 119)
  Rendered layout layouts/application.html.erb (Duration: 5.1ms | Allocations: 2815)
Completed 200 OK in 8ms (Views: 7.3ms | ActiveRecord: 0.0ms | Allocations: 3813)


Started GET "/" for ::1 at 2022-12-05 10:03:19 +0200
  
ArgumentError (Missing :controller key on routes definition, please check your routes.):
  
config/routes.rb:2:in `block in <main>'
config/routes.rb:1:in `<main>'
Started GET "/" for ::1 at 2022-12-05 10:03:40 +0200
Processing by HomeController#index as HTML
  Rendering layout layouts/application.html.erb
  Rendering home/index.html.erb within layouts/application
  Rendered home/index.html.erb within layouts/application (Duration: 0.1ms | Allocations: 9)
  Rendered layout layouts/application.html.erb (Duration: 18.2ms | Allocations: 14097)
Completed 200 OK in 21ms (Views: 19.5ms | Allocations: 14830)


Started GET "/" for ::1 at 2022-12-05 10:03:41 +0200
Processing by HomeController#index as HTML
  Rendering layout layouts/application.html.erb
  Rendering home/index.html.erb within layouts/application
  Rendered home/index.html.erb within layouts/application (Duration: 0.0ms | Allocations: 7)
  Rendered layout layouts/application.html.erb (Duration: 3.8ms | Allocations: 2382)
Completed 200 OK in 5ms (Views: 4.3ms | Allocations: 2689)


Started GET "/" for ::1 at 2022-12-05 10:03:44 +0200
Processing by HomeController#index as HTML
  Rendering layout layouts/application.html.erb
  Rendering home/index.html.erb within layouts/application
  Rendered home/index.html.erb within layouts/application (Duration: 0.1ms | Allocations: 7)
  Rendered layout layouts/application.html.erb (Duration: 4.3ms | Allocations: 2390)
Completed 200 OK in 6ms (Views: 5.0ms | Allocations: 2696)


Started GET "/" for ::1 at 2022-12-05 19:26:30 +0200
Processing by HomeController#index as HTML
  Rendering layout layouts/application.html.erb
  Rendering home/index.html.erb within layouts/application
  Rendered home/index.html.erb within layouts/application (Duration: 1.9ms | Allocations: 385)
  Rendered layout layouts/application.html.erb (Duration: 11.5ms | Allocations: 4645)
Completed 200 OK in 34ms (Views: 18.4ms | ActiveRecord: 0.0ms | Allocations: 10098)


Started GET "/" for ::1 at 2022-12-05 19:32:29 +0200
Processing by HomeController#index as HTML
  Rendering layout layouts/application.html.erb
  Rendering home/index.html.erb within layouts/application
  Rendered home/index.html.erb within layouts/application (Duration: 0.5ms | Allocations: 126)
  Rendered layout layouts/application.html.erb (Duration: 4.7ms | Allocations: 4056)
Completed 200 OK in 8ms (Views: 6.8ms | Allocations: 5088)


Started GET "/home/about" for ::1 at 2022-12-05 19:32:29 +0200
Processing by HomeController#about as HTML
  Rendering layout layouts/application.html.erb
  Rendering home/about.html.erb within layouts/application
  Rendered home/about.html.erb within layouts/application (Duration: 1.8ms | Allocations: 107)
  Rendered layout layouts/application.html.erb (Duration: 6.2ms | Allocations: 883)
Completed 200 OK in 10ms (Views: 7.3ms | Allocations: 1252)


Started GET "/home/about" for ::1 at 2022-12-05 19:32:29 +0200
Processing by HomeController#about as HTML
  Rendering layout layouts/application.html.erb
  Rendering home/about.html.erb within layouts/application
  Rendered home/about.html.erb within layouts/application (Duration: 0.1ms | Allocations: 7)
  Rendered layout layouts/application.html.erb (Duration: 3.2ms | Allocations: 782)
Completed 200 OK in 7ms (Views: 5.0ms | Allocations: 1098)


Started GET "/" for ::1 at 2022-12-05 19:35:15 +0200
Processing by HomeController#index as HTML
  Rendering layout layouts/application.html.erb
  Rendering home/index.html.erb within layouts/application
  Rendered home/index.html.erb within layouts/application (Duration: 0.5ms | Allocations: 127)
  Rendered layout layouts/application.html.erb (Duration: 2.1ms | Allocations: 1206)
Completed 200 OK in 6ms (Views: 4.8ms | Allocations: 2209)


Started GET "/" for ::1 at 2022-12-05 19:36:00 +0200
Processing by HomeController#index as HTML
  Rendering layout layouts/application.html.erb
  Rendering home/index.html.erb within layouts/application
  Rendered home/index.html.erb within layouts/application (Duration: 0.0ms | Allocations: 7)
  Rendered layout layouts/application.html.erb (Duration: 2.3ms | Allocations: 774)
Completed 200 OK in 5ms (Views: 3.2ms | Allocations: 1087)


Started GET "/" for ::1 at 2022-12-05 19:36:04 +0200
Processing by HomeController#index as HTML
  Rendering layout layouts/application.html.erb
  Rendering home/index.html.erb within layouts/application
  Rendered home/index.html.erb within layouts/application (Duration: 0.0ms | Allocations: 7)
  Rendered layout layouts/application.html.erb (Duration: 1.9ms | Allocations: 782)
Completed 200 OK in 3ms (Views: 2.6ms | Allocations: 1094)


Started GET "/home/about" for ::1 at 2022-12-05 19:36:04 +0200
Processing by HomeController#about as HTML
  Rendering layout layouts/application.html.erb
  Rendering home/about.html.erb within layouts/application
  Rendered home/about.html.erb within layouts/application (Duration: 2.3ms | Allocations: 106)
  Rendered layout layouts/application.html.erb (Duration: 7.2ms | Allocations: 882)
Completed 200 OK in 11ms (Views: 8.4ms | Allocations: 1252)


Started GET "/" for ::1 at 2022-12-05 19:36:11 +0200
Processing by HomeController#index as HTML
  Rendering layout layouts/application.html.erb
  Rendering home/index.html.erb within layouts/application
  Rendered home/index.html.erb within layouts/application (Duration: 0.1ms | Allocations: 7)
  Rendered layout layouts/application.html.erb (Duration: 1.3ms | Allocations: 793)
Completed 200 OK in 3ms (Views: 2.3ms | Allocations: 1109)


Started GET "/" for ::1 at 2022-12-05 19:36:32 +0200
Processing by HomeController#index as HTML
  Rendering layout layouts/application.html.erb
  Rendering home/index.html.erb within layouts/application
  Rendered home/index.html.erb within layouts/application (Duration: 0.7ms | Allocations: 124)
  Rendered layout layouts/application.html.erb (Duration: 2.8ms | Allocations: 1203)
Completed 200 OK in 6ms (Views: 5.0ms | Allocations: 2201)


Started GET "/" for ::1 at 2022-12-05 19:37:22 +0200
Processing by HomeController#index as HTML
  Rendering layout layouts/application.html.erb
  Rendering home/index.html.erb within layouts/application
  Rendered home/index.html.erb within layouts/application (Duration: 0.4ms | Allocations: 123)
  Rendered layout layouts/application.html.erb (Duration: 2.0ms | Allocations: 1214)
Completed 200 OK in 5ms (Views: 3.8ms | Allocations: 2213)


Started GET "/" for ::1 at 2022-12-05 19:37:47 +0200
Processing by HomeController#index as HTML
  Rendering layout layouts/application.html.erb
  Rendering home/index.html.erb within layouts/application
  Rendered home/index.html.erb within layouts/application (Duration: 0.4ms | Allocations: 123)
  Rendered layout layouts/application.html.erb (Duration: 2.3ms | Allocations: 1206)
Completed 200 OK in 6ms (Views: 4.4ms | Allocations: 2205)


Started GET "/" for ::1 at 2022-12-05 19:42:47 +0200
Processing by HomeController#index as HTML
  Rendering layout layouts/application.html.erb
  Rendering home/index.html.erb within layouts/application
  Rendered home/index.html.erb within layouts/application (Duration: 0.7ms | Allocations: 123)
  Rendered home/_header.html.erb (Duration: 0.4ms | Allocations: 216)
  Rendered layout layouts/application.html.erb (Duration: 3.6ms | Allocations: 1585)
Completed 200 OK in 10ms (Views: 7.9ms | Allocations: 2584)


Started GET "/" for ::1 at 2022-12-05 19:44:03 +0200
Processing by HomeController#index as HTML
  Rendering layout layouts/application.html.erb
  Rendering home/index.html.erb within layouts/application
  Rendered home/index.html.erb within layouts/application (Duration: 0.4ms | Allocations: 123)
  Rendered home/_header.html.erb (Duration: 0.4ms | Allocations: 219)
  Rendered layout layouts/application.html.erb (Duration: 3.0ms | Allocations: 1572)
Completed 200 OK in 8ms (Views: 4.9ms | Allocations: 2572)


Started GET "/" for ::1 at 2022-12-06 17:37:16 +0200
Processing by HomeController#index as HTML
  Rendering layout layouts/application.html.erb
  Rendering home/index.html.erb within layouts/application
  Rendered home/index.html.erb within layouts/application (Duration: 13.7ms | Allocations: 126)
  Rendered home/_header.html.erb (Duration: 3.5ms | Allocations: 204)
  Rendered layout layouts/application.html.erb (Duration: 52.7ms | Allocations: 1558)
Completed 200 OK in 151ms (Views: 129.2ms | Allocations: 2560)


Started GET "/" for ::1 at 2022-12-06 18:06:17 +0200
Processing by HomeController#index as HTML
  Rendering layout layouts/application.html.erb
  Rendering home/index.html.erb within layouts/application
  Rendered home/index.html.erb within layouts/application (Duration: 1.1ms | Allocations: 124)
  Rendered home/_header.html.erb (Duration: 0.4ms | Allocations: 168)
  Rendered layout layouts/application.html.erb (Duration: 5.3ms | Allocations: 1516)
Completed 200 OK in 10ms (Views: 8.6ms | Allocations: 2516)


Started GET "/" for ::1 at 2022-12-06 18:07:56 +0200
Processing by HomeController#index as HTML
  Rendering layout layouts/application.html.erb
  Rendering home/index.html.erb within layouts/application
  Rendered home/index.html.erb within layouts/application (Duration: 0.6ms | Allocations: 123)
  Rendered home/_header.html.erb (Duration: 1.4ms | Allocations: 294)
  Rendered layout layouts/application.html.erb (Duration: 4.3ms | Allocations: 1645)
Completed 200 OK in 9ms (Views: 7.9ms | Allocations: 2645)


Started GET "/" for ::1 at 2022-12-06 18:07:57 +0200
Processing by HomeController#index as HTML
  Rendering layout layouts/application.html.erb
  Rendering home/index.html.erb within layouts/application
  Rendered home/index.html.erb within layouts/application (Duration: 0.0ms | Allocations: 7)
  Rendered home/_header.html.erb (Duration: 0.1ms | Allocations: 59)
  Rendered layout layouts/application.html.erb (Duration: 2.6ms | Allocations: 880)
Completed 200 OK in 4ms (Views: 3.1ms | Allocations: 1193)


Started GET "/" for ::1 at 2022-12-06 18:07:58 +0200
Processing by HomeController#index as HTML
  Rendering layout layouts/application.html.erb
  Rendering home/index.html.erb within layouts/application
  Rendered home/index.html.erb within layouts/application (Duration: 0.0ms | Allocations: 7)
  Rendered home/_header.html.erb (Duration: 0.1ms | Allocations: 59)
  Rendered layout layouts/application.html.erb (Duration: 2.5ms | Allocations: 890)
Completed 200 OK in 4ms (Views: 3.0ms | Allocations: 1202)


Started GET "/" for ::1 at 2022-12-06 18:08:00 +0200
Processing by HomeController#index as HTML
  Rendering layout layouts/application.html.erb
  Rendering home/index.html.erb within layouts/application
  Rendered home/index.html.erb within layouts/application (Duration: 0.0ms | Allocations: 7)
  Rendered home/_header.html.erb (Duration: 0.1ms | Allocations: 59)
  Rendered layout layouts/application.html.erb (Duration: 1.4ms | Allocations: 900)
Completed 200 OK in 3ms (Views: 1.8ms | Allocations: 1212)


Started GET "/" for ::1 at 2022-12-06 18:10:52 +0200
Processing by HomeController#index as HTML
  Rendering layout layouts/application.html.erb
  Rendering home/index.html.erb within layouts/application
  Rendered home/index.html.erb within layouts/application (Duration: 1.4ms | Allocations: 123)
  Rendered home/_header.html.erb (Duration: 1.4ms | Allocations: 331)
  Rendered layout layouts/application.html.erb (Duration: 6.9ms | Allocations: 1681)
Completed 200 OK in 11ms (Views: 9.8ms | Allocations: 2679)


Started GET "/home/about" for ::1 at 2022-12-06 18:10:53 +0200
Processing by HomeController#about as HTML
  Rendering layout layouts/application.html.erb
  Rendering home/about.html.erb within layouts/application
  Rendered home/about.html.erb within layouts/application (Duration: 1.2ms | Allocations: 106)
  Rendered home/_header.html.erb (Duration: 0.2ms | Allocations: 97)
  Rendered layout layouts/application.html.erb (Duration: 3.0ms | Allocations: 1026)
Completed 200 OK in 5ms (Views: 3.4ms | Allocations: 1395)


Started GET "/" for ::1 at 2022-12-06 18:10:54 +0200
Processing by HomeController#index as HTML
  Rendering layout layouts/application.html.erb
  Rendering home/index.html.erb within layouts/application
  Rendered home/index.html.erb within layouts/application (Duration: 0.0ms | Allocations: 7)
  Rendered home/_header.html.erb (Duration: 0.2ms | Allocations: 97)
  Rendered layout layouts/application.html.erb (Duration: 2.4ms | Allocations: 934)
Completed 200 OK in 4ms (Views: 2.9ms | Allocations: 1246)


Started GET "/" for ::1 at 2022-12-06 18:11:35 +0200
Processing by HomeController#index as HTML
  Rendering layout layouts/application.html.erb
  Rendering home/index.html.erb within layouts/application
  Rendered home/index.html.erb within layouts/application (Duration: 0.6ms | Allocations: 123)
  Rendered home/_header.html.erb (Duration: 0.9ms | Allocations: 334)
  Rendered layout layouts/application.html.erb (Duration: 4.6ms | Allocations: 1693)
Completed 200 OK in 9ms (Views: 7.5ms | Allocations: 2691)


Started GET "/home/about" for ::1 at 2022-12-06 18:11:36 +0200
Processing by HomeController#about as HTML
  Rendering layout layouts/application.html.erb
  Rendering home/about.html.erb within layouts/application
  Rendered home/about.html.erb within layouts/application (Duration: 0.6ms | Allocations: 106)
  Rendered home/_header.html.erb (Duration: 0.2ms | Allocations: 97)
  Rendered layout layouts/application.html.erb (Duration: 2.7ms | Allocations: 1032)
Completed 200 OK in 4ms (Views: 3.3ms | Allocations: 1401)


Started GET "/" for ::1 at 2022-12-06 18:11:37 +0200
Processing by HomeController#index as HTML
  Rendering layout layouts/application.html.erb
  Rendering home/index.html.erb within layouts/application
  Rendered home/index.html.erb within layouts/application (Duration: 0.0ms | Allocations: 7)
  Rendered home/_header.html.erb (Duration: 0.2ms | Allocations: 97)
  Rendered layout layouts/application.html.erb (Duration: 2.1ms | Allocations: 920)
Completed 200 OK in 4ms (Views: 2.7ms | Allocations: 1233)


Started GET "/" for ::1 at 2022-12-06 18:14:00 +0200
Processing by HomeController#index as HTML
  Rendering layout layouts/application.html.erb
  Rendering home/index.html.erb within layouts/application
  Rendered home/index.html.erb within layouts/application (Duration: 1.3ms | Allocations: 123)
  Rendered home/_header.html.erb (Duration: 11.6ms | Allocations: 338)
  Rendered layout layouts/application.html.erb (Duration: 18.3ms | Allocations: 1685)
Completed 200 OK in 30ms (Views: 26.1ms | Allocations: 2683)


